app/build/outputs/logs/manifest-merger-debug-report.txt
-- Merging decision tree log ---
manifest
ADDED from src/main/AndroidManifest.xml:2:1-86:12
	package
		ADDED from src/main/AndroidManifest.xml:3:5-65
	android:versionName
		INJECTED from src/main/AndroidManifest.xml
		INJECTED from src/main/AndroidManifest.xml
	xmlns:android
		ADDED from src/main/AndroidManifest.xml:2:11-69
	android:versionCode
		INJECTED from src/main/AndroidManifest.xml
		INJECTED from src/main/AndroidManifest.xml
uses-permission#android.permission.INTERNET
ADDED from src/main/AndroidManifest.xml:6:5-67
MERGED from [:play-services-analytics-8.1.0:] AndroidManifest.xml:21:5-67
MERGED from [:play-services-ads-8.1.0:] AndroidManifest.xml:20:5-66
	android:name
		ADDED from src/main/AndroidManifest.xml:6:22-64
uses-permission#android.permission.ACCESS_NETWORK_STATE
ADDED from src/main/AndroidManifest.xml:7:5-79
MERGED from [:play-services-analytics-8.1.0:] AndroidManifest.xml:22:5-79
MERGED from [:play-services-ads-8.1.0:] AndroidManifest.xml:21:5-78
	android:name
		ADDED from src/main/AndroidManifest.xml:7:22-76
uses-permission#android.permission.READ_PHONE_STATE
ADDED from src/main/AndroidManifest.xml:8:5-75
	android:name
		ADDED from src/main/AndroidManifest.xml:8:22-72
uses-permission#android.permission.READ_CONTACTS
ADDED from src/main/AndroidManifest.xml:9:5-72
	android:name
		ADDED from src/main/AndroidManifest.xml:9:22-69
uses-permission#android.permission.READ_PROFILE
ADDED from src/main/AndroidManifest.xml:10:5-71
	android:name
		ADDED from src/main/AndroidManifest.xml:10:22-68
uses-permission#android.permission.CAMERA
ADDED from src/main/AndroidManifest.xml:13:5-65
MERGED from [:card.io-5.3.0:] AndroidManifest.xml:11:5-65
	android:name
		ADDED from src/main/AndroidManifest.xml:13:22-62
uses-permission#android.permission.VIBRATE
ADDED from src/main/AndroidManifest.xml:16:5-66
MERGED from [:card.io-5.3.0:] AndroidManifest.xml:12:5-66
	android:name
		ADDED from src/main/AndroidManifest.xml:16:22-63
uses-permission#android.permission.USE_FINGERPRINT
ADDED from src/main/AndroidManifest.xml:19:5-74
	android:name
		ADDED from src/main/AndroidManifest.xml:19:22-71
uses-permission#com.samsung.android.providers.context.permission.WRITE_USE_APP_FEATURE_SURVEY
ADDED from src/main/AndroidManifest.xml:22:5-117
	android:name
		ADDED from src/main/AndroidManifest.xml:22:22-114
uses-feature#android.hardware.camera
ADDED from src/main/AndroidManifest.xml:25:5-27:36
MERGED from [:card.io-5.3.0:] AndroidManifest.xml:14:5-16:36
	android:required
		ADDED from src/main/AndroidManifest.xml:27:9-33
	android:name
		ADDED from src/main/AndroidManifest.xml:26:9-47
uses-feature#android.hardware.camera.autofocus
ADDED from src/main/AndroidManifest.xml:29:5-31:35
MERGED from [:card.io-5.3.0:] AndroidManifest.xml:17:5-19:36
	android:required
		ADDED from src/main/AndroidManifest.xml:31:9-32
	android:name
		ADDED from src/main/AndroidManifest.xml:30:9-57
uses-feature#android.hardware.camera.flash
ADDED from src/main/AndroidManifest.xml:32:5-34:35
	android:required
		ADDED from src/main/AndroidManifest.xml:34:9-32
	android:name
		ADDED from src/main/AndroidManifest.xml:33:9-53
application
ADDED from src/main/AndroidManifest.xml:36:5-84:19
MERGED from [:VisaCheckout-Android-SDK-4.3:] AndroidManifest.xml:11:5-22:19
MERGED from [:facebook-android-sdk-3.23.1:] AndroidManifest.xml:24:5-20
MERGED from [:card.io-5.3.0:] AndroidManifest.xml:21:5-26:19
MERGED from [:play-services-basement-8.1.0:] AndroidManifest.xml:20:5-24:19
MERGED from [:play-services-analytics-8.1.0:] AndroidManifest.xml:24:5-20
MERGED from [:play-services-ads-8.1.0:] AndroidManifest.xml:24:5-32:19
MERGED from [com.android.support:appcompat-v7:23.4.0] AndroidManifest.xml:25:5-20
MERGED from [com.android.support:animated-vector-drawable:23.4.0] AndroidManifest.xml:7:5-20
MERGED from [com.android.support:support-vector-drawable:23.4.0] AndroidManifest.xml:7:5-20
MERGED from [com.android.support:support-v4:23.4.0] AndroidManifest.xml:22:5-20
	android:label
		ADDED from src/main/AndroidManifest.xml:39:9-41
	android:allowBackup
		ADDED from src/main/AndroidManifest.xml:37:9-36
	android:icon
		ADDED from src/main/AndroidManifest.xml:38:9-51
	android:theme
		ADDED from src/main/AndroidManifest.xml:40:9-40
activity#com.visa.checkout.VisaMcomActivity
ADDED from src/main/AndroidManifest.xml:43:9-45:100
	android:configChanges
		ADDED from src/main/AndroidManifest.xml:45:13-97
	android:name
		ADDED from src/main/AndroidManifest.xml:44:13-62
activity#com.visa.android.integration.checkoutsampleapp.app.PaymentStartActivity
ADDED from src/main/AndroidManifest.xml:46:9-49:52
	android:screenOrientation
		ADDED from src/main/AndroidManifest.xml:49:13-49
	android:label
		ADDED from src/main/AndroidManifest.xml:48:13-45
	android:name
		ADDED from src/main/AndroidManifest.xml:47:13-49
activity#com.visa.android.integration.checkoutsampleapp.app.PaymentSummaryActivity
ADDED from src/main/AndroidManifest.xml:50:9-53:52
	android:screenOrientation
		ADDED from src/main/AndroidManifest.xml:53:13-49
	android:label
		ADDED from src/main/AndroidManifest.xml:52:13-45
	android:name
		ADDED from src/main/AndroidManifest.xml:51:13-51
activity#com.visa.android.integration.checkoutsampleapp.app.ConfigurePaymentActivity
ADDED from src/main/AndroidManifest.xml:54:9-56:61
	android:screenOrientation
		ADDED from src/main/AndroidManifest.xml:56:13-49
	android:name
		ADDED from src/main/AndroidManifest.xml:55:13-53
activity#io.card.payment.CardIOActivity
ADDED from src/main/AndroidManifest.xml:59:9-63:52
MERGED from [:card.io-5.3.0:] AndroidManifest.xml:22:9-24:66
	android:screenOrientation
		ADDED from src/main/AndroidManifest.xml:63:13-49
	android:hardwareAccelerated
		ADDED from src/main/AndroidManifest.xml:62:13-47
	android:configChanges
		ADDED from src/main/AndroidManifest.xml:61:13-63
	android:name
		ADDED from src/main/AndroidManifest.xml:60:13-58
activity#io.card.payment.DataEntryActivity
ADDED from src/main/AndroidManifest.xml:64:9-66:52
MERGED from [:card.io-5.3.0:] AndroidManifest.xml:25:9-70
	android:screenOrientation
		ADDED from src/main/AndroidManifest.xml:66:13-49
	android:name
		ADDED from src/main/AndroidManifest.xml:65:13-61
meta-data#com.facebook.sdk.ApplicationId
ADDED from src/main/AndroidManifest.xml:69:9-71:55
	android:value
		ADDED from src/main/AndroidManifest.xml:71:13-52
	android:name
		ADDED from src/main/AndroidManifest.xml:70:13-58
activity#com.visa.android.integration.checkoutsampleapp.app.FirstScreen
ADDED from src/main/AndroidManifest.xml:73:9-81:20
	android:screenOrientation
		ADDED from src/main/AndroidManifest.xml:75:13-49
	android:name
		ADDED from src/main/AndroidManifest.xml:74:13-40
intent-filter#android.intent.action.MAIN+android.intent.category.LAUNCHER
ADDED from src/main/AndroidManifest.xml:76:13-80:29
action#android.intent.action.MAIN
ADDED from src/main/AndroidManifest.xml:77:17-69
	android:name
		ADDED from src/main/AndroidManifest.xml:77:25-66
category#android.intent.category.LAUNCHER
ADDED from src/main/AndroidManifest.xml:79:17-77
	android:name
		ADDED from src/main/AndroidManifest.xml:79:27-74
activity#com.visa.android.integration.checkoutsampleapp.app.listDrinksActivity
ADDED from src/main/AndroidManifest.xml:82:9-56
	android:name
		ADDED from src/main/AndroidManifest.xml:82:19-53
activity#com.visa.android.integration.checkoutsampleapp.app.addMerchantManually
ADDED from src/main/AndroidManifest.xml:83:9-66
	android:name
		ADDED from src/main/AndroidManifest.xml:83:19-54
uses-sdk
INJECTED from src/main/AndroidManifest.xml reason: use-sdk injection requested
MERGED from [:VisaCheckout-Android-SDK-4.3:] AndroidManifest.xml:7:5-9:41
MERGED from [:facebook-android-sdk-3.23.1:] AndroidManifest.xml:20:5-22:41
MERGED from [:card.io-5.3.0:] AndroidManifest.xml:7:5-9:41
MERGED from [:play-services-basement-8.1.0:] AndroidManifest.xml:18:5-42
MERGED from [:play-services-analytics-8.1.0:] AndroidManifest.xml:18:5-42
MERGED from [:play-services-ads-8.1.0:] AndroidManifest.xml:23:5-42
MERGED from [com.android.support:appcompat-v7:23.4.0] AndroidManifest.xml:21:5-23:78
MERGED from [com.android.support:animated-vector-drawable:23.4.0] AndroidManifest.xml:5:5-44
MERGED from [com.android.support:support-vector-drawable:23.4.0] AndroidManifest.xml:5:5-43
MERGED from [com.android.support:support-v4:23.4.0] AndroidManifest.xml:20:5-43
	tools:overrideLibrary
		ADDED from [com.android.support:appcompat-v7:23.4.0] AndroidManifest.xml:23:9-75
	android:targetSdkVersion
		INJECTED from src/main/AndroidManifest.xml
		INJECTED from src/main/AndroidManifest.xml
	android:minSdkVersion
		INJECTED from src/main/AndroidManifest.xml
		INJECTED from src/main/AndroidManifest.xml
activity#com.visa.checkout.VisaActivity
ADDED from [:VisaCheckout-Android-SDK-4.3:] AndroidManifest.xml:12:9-16:20
	android:label
		ADDED from [:VisaCheckout-Android-SDK-4.3:] AndroidManifest.xml:15:13-37
	android:configChanges
		ADDED from [:VisaCheckout-Android-SDK-4.3:] AndroidManifest.xml:14:13-74
	android:name
		ADDED from [:VisaCheckout-Android-SDK-4.3:] AndroidManifest.xml:13:13-58
activity#com.visa.checkout.VisaTransparentOverlayActivity
ADDED from [:VisaCheckout-Android-SDK-4.3:] AndroidManifest.xml:17:9-21:20
	android:configChanges
		ADDED from [:VisaCheckout-Android-SDK-4.3:] AndroidManifest.xml:19:13-74
	android:theme
		ADDED from [:VisaCheckout-Android-SDK-4.3:] AndroidManifest.xml:20:13-53
	android:name
		ADDED from [:VisaCheckout-Android-SDK-4.3:] AndroidManifest.xml:18:13-76
meta-data#com.google.android.gms.version
ADDED from [:play-services-basement-8.1.0:] AndroidManifest.xml:21:9-23:69
	android:value
		ADDED from [:play-services-basement-8.1.0:] AndroidManifest.xml:23:13-66
	android:name
		ADDED from [:play-services-basement-8.1.0:] AndroidManifest.xml:22:13-58
activity#com.google.android.gms.ads.AdActivity
ADDED from [:play-services-ads-8.1.0:] AndroidManifest.xml:26:9-29:64
	android:configChanges
		ADDED from [:play-services-ads-8.1.0:] AndroidManifest.xml:28:13-122
	android:theme
		ADDED from [:play-services-ads-8.1.0:] AndroidManifest.xml:29:13-61
	android:name
		ADDED from [:play-services-ads-8.1.0:] AndroidManifest.xml:27:13-65
activity#com.google.android.gms.ads.purchase.InAppPurchaseActivity
ADDED from [:play-services-ads-8.1.0:] AndroidManifest.xml:30:9-31:52
	android:theme
		ADDED from [:play-services-ads-8.1.0:] AndroidManifest.xml:31:13-50
	android:name
		ADDED from [:play-services-ads-8.1.0:] AndroidManifest.xml:30:19-91